{
  "stats": {
    "suites": 1,
    "tests": 1,
    "passes": 0,
    "pending": 0,
    "failures": 1,
    "start": "2022-02-16T14:28:22.375Z",
    "end": "2022-02-16T14:28:30.405Z",
    "duration": 8030,
    "testsRegistered": 1,
    "passPercent": 0,
    "pendingPercent": 0,
    "other": 0,
    "hasOther": false,
    "skipped": 0,
    "hasSkipped": false
  },
  "results": [
    {
      "uuid": "33de8584-d266-48d2-9e45-f9813eddf0f4",
      "title": "",
      "fullFile": "cypress/integration/examples/CheckBoxSelection.js",
      "file": "cypress/integration/examples/CheckBoxSelection.js",
      "beforeHooks": [],
      "afterHooks": [],
      "tests": [],
      "suites": [
        {
          "uuid": "acf55302-ec50-4c0b-902f-acdd8b70a5b2",
          "title": " My second Test Suit",
          "fullFile": "",
          "file": "",
          "beforeHooks": [],
          "afterHooks": [],
          "tests": [
            {
              "title": " My first TestCase",
              "fullTitle": " My second Test Suit  My first TestCase",
              "timedOut": null,
              "duration": 530,
              "state": "failed",
              "speed": null,
              "pass": false,
              "fail": true,
              "pending": false,
              "context": null,
              "code": "cy.visit(\"https://rahulshettyacademy.com/AutomationPractice/\"); //&&&&&&&&     CHECKBOXES      &&&&&&&&\n// \n// cy.get(\"#checkBoxOption1\").check().should(\"be.checked\").and(\"have.value\",\"option1\")\n// cy.get(\"#checkBoxOption1\").uncheck().should(\"not.be.checked\").and(\"have.value\",\"option1\")\n// cy.get(\"input[type='checkbox']\").check(['option2','option3'])\n//%%%%%%%%        STATIC DROPDOWNS          %%%%%%%%%%\n//cy.get('select').select(\"option1\").should(\"have.value\",\"option1\")\n//##########        DYNAMIC DROPDOWNS          ###########\n// cy.get(\"#autocomplete\").type(\"in\")\n// cy.get(\".ui-menu-item div\").each(($el, index, $list) => {\n//     if($el.text()==\"India\")\n//     {\n//         $el.click()\n//     }\n// })\n// cy.get(\"#autocomplete\").should(\"have.value\",\"India\")\n//##########       VISIBLE AND IINVISIBLE OBJECT SELECTION          ###########\n// cy.get(\"#displayed-text\").should(\"be.visible\")\n// cy.get(\"#hide-textbox\").click()\n// cy.get(\"#displayed-text\").should(\"not.be.visible\")\n// cy.get(\"#show-textbox\").click()\n// cy.get(\"#displayed-text\").should(\"be.visible\")\n//$$$$$$$$$         RADIO BUTTON SELECTION          $$$$$$$$$$$\ncy.get(\"input[value='radio2']\").check().should(\"be.checked\"); //tagname is optional\ncy.get(\"[value='radio1']\").check().should(\"be.checked\");",
              "err": {
                "message": "CypressError: `cy.visit()` failed trying to load:\n\nhttps://rahulshettyacademy.com/AutomationPractice/\n\nWe attempted to make an http request to this URL but the request failed without a response.\n\nWe received this error at the network level:\n\n  > Error: A connection to the upstream proxy could not be established: connect ECONNREFUSED 127.0.0.1:8888\n\nCommon situations why this would fail:\n  - you don't have internet access\n  - you forgot to run / boot your web server\n  - your web server isn't accessible\n  - you have weird network configuration settings on your computer",
                "estack": "CypressError: `cy.visit()` failed trying to load:\n\nhttps://rahulshettyacademy.com/AutomationPractice/\n\nWe attempted to make an http request to this URL but the request failed without a response.\n\nWe received this error at the network level:\n\n  > Error: A connection to the upstream proxy could not be established: connect ECONNREFUSED 127.0.0.1:8888\n\nCommon situations why this would fail:\n  - you don't have internet access\n  - you forgot to run / boot your web server\n  - your web server isn't accessible\n  - you have weird network configuration settings on your computer\n    at http://localhost:60378/__cypress/runner/cypress_runner.js:140471:23\n    at visitFailedByErr (http://localhost:60378/__cypress/runner/cypress_runner.js:139830:12)\n    at http://localhost:60378/__cypress/runner/cypress_runner.js:140470:11\n    at tryCatcher (http://localhost:60378/__cypress/runner/cypress_runner.js:10798:23)\n    at Promise._settlePromiseFromHandler (http://localhost:60378/__cypress/runner/cypress_runner.js:8733:31)\n    at Promise._settlePromise (http://localhost:60378/__cypress/runner/cypress_runner.js:8790:18)\n    at Promise._settlePromise0 (http://localhost:60378/__cypress/runner/cypress_runner.js:8835:10)\n    at Promise._settlePromises (http://localhost:60378/__cypress/runner/cypress_runner.js:8911:18)\n    at _drainQueueStep (http://localhost:60378/__cypress/runner/cypress_runner.js:5505:12)\n    at _drainQueue (http://localhost:60378/__cypress/runner/cypress_runner.js:5498:9)\n    at Async.../../node_modules/bluebird/js/release/async.js.Async._drainQueues (http://localhost:60378/__cypress/runner/cypress_runner.js:5514:5)\n    at Async.drainQueues (http://localhost:60378/__cypress/runner/cypress_runner.js:5384:14)\nFrom Your Spec Code:\n    at Context.eval (http://localhost:60378/__cypress/tests?p=cypress\\integration\\examples\\CheckBoxSelection.js:102:8)\n\nFrom Node.js Internals:\n  Error: A connection to the upstream proxy could not be established: connect ECONNREFUSED 127.0.0.1:8888\n      at C:\\Users\\z0042dtx\\AppData\\Local\\Cypress\\Cache\\7.7.0\\Cypress\\resources\\app\\packages\\network\\lib\\agent.js:211:29\n      at C:\\Users\\z0042dtx\\AppData\\Local\\Cypress\\Cache\\7.7.0\\Cypress\\resources\\app\\packages\\network\\lib\\agent.js:44:20\n      at retry (C:\\Users\\z0042dtx\\AppData\\Local\\Cypress\\Cache\\7.7.0\\Cypress\\resources\\app\\packages\\network\\lib\\connect.js:69:24)\n      at Socket.onError (C:\\Users\\z0042dtx\\AppData\\Local\\Cypress\\Cache\\7.7.0\\Cypress\\resources\\app\\packages\\network\\lib\\connect.js:80:13)\n      at Object.onceWrapper (events.js:422:26)\n      at Socket.emit (events.js:315:20)\n      at emitErrorNT (internal/streams/destroy.js:106:8)\n      at emitErrorCloseNT (internal/streams/destroy.js:74:3)\n      at processTicksAndRejections (internal/process/task_queues.js:80:21)\n  ",
                "diff": null
              },
              "uuid": "65cbad66-d90d-42cb-8592-269de230f9c4",
              "parentUUID": "acf55302-ec50-4c0b-902f-acdd8b70a5b2",
              "isHook": false,
              "skipped": false
            }
          ],
          "suites": [],
          "passes": [],
          "failures": [
            "65cbad66-d90d-42cb-8592-269de230f9c4"
          ],
          "pending": [],
          "skipped": [],
          "duration": 530,
          "root": false,
          "rootEmpty": false,
          "_timeout": 2000
        }
      ],
      "passes": [],
      "failures": [],
      "pending": [],
      "skipped": [],
      "duration": 0,
      "root": true,
      "rootEmpty": true,
      "_timeout": 2000
    }
  ],
  "meta": {
    "mocha": {
      "version": "7.0.1"
    },
    "mochawesome": {
      "options": {
        "quiet": false,
        "reportFilename": "mochawesome",
        "saveHtml": true,
        "saveJson": true,
        "consoleReporter": "spec",
        "useInlineDiffs": false,
        "code": true
      },
      "version": "6.2.2"
    },
    "marge": {
      "options": null,
      "version": "5.2.0"
    }
  }
}